# JRE version: OpenJDK Runtime Environment (8.0_242-b01) (build 1.8.0_242-release-1644-b01)
# Java VM: OpenJDK 64-Bit Server VM (25.242-b01 mixed mode windows-amd64 compressed oops)
Heap:
 PSYoungGen      total 479232K, used 319029K [0x00000000d5580000, 0x00000000f5800000, 0x0000000100000000)
  eden space 431616K, 73% used [0x00000000d5580000,0x00000000e8c55420,0x00000000efb00000)
  from space 47616K, 1% used [0x00000000efb00000,0x00000000efbb8000,0x00000000f2980000)
  to   space 40960K, 0% used [0x00000000f3000000,0x00000000f3000000,0x00000000f5800000)
 ParOldGen       total 310784K, used 185195K [0x0000000080000000, 0x0000000092f80000, 0x00000000d5580000)
  object space 310784K, 59% used [0x0000000080000000,0x000000008b4dad50,0x0000000092f80000)
 Metaspace       used 129647K, capacity 137956K, committed 138112K, reserved 1169408K
  class space    used 17208K, capacity 18812K, committed 18816K, reserved 1048576K
GC Heap History (10 events):
Event: 624.380 GC heap before
{Heap before GC invocations=25 (full 4):
 PSYoungGen      total 472576K, used 436128K [0x00000000d5580000, 0x00000000f5800000, 0x0000000100000000)
  eden space 431616K, 100% used [0x00000000d5580000,0x00000000efb00000,0x00000000efb00000)
  from space 40960K, 11% used [0x00000000f3000000,0x00000000f3468010,0x00000000f5800000)
  to   space 47616K, 0% used [0x00000000efb00000,0x00000000efb00000,0x00000000f2980000)
 ParOldGen       total 310784K, used 168705K [0x0000000080000000, 0x0000000092f80000, 0x00000000d5580000)
  object space 310784K, 54% used [0x0000000080000000,0x000000008a4c0540,0x0000000092f80000)
 Metaspace       used 128465K, capacity 136590K, committed 136704K, reserved 1167360K
  class space    used 17107K, capacity 18651K, committed 18688K, reserved 1048576K
Event: 624.386 GC heap after
Heap after GC invocations=25 (full 4):
 PSYoungGen      total 479232K, used 6560K [0x00000000d5580000, 0x00000000f5800000, 0x0000000100000000)
  eden space 431616K, 0% used [0x00000000d5580000,0x00000000d5580000,0x00000000efb00000)
  from space 47616K, 13% used [0x00000000efb00000,0x00000000f0168010,0x00000000f2980000)
  to   space 40960K, 0% used [0x00000000f3000000,0x00000000f3000000,0x00000000f5800000)
 ParOldGen       total 310784K, used 172219K [0x0000000080000000, 0x0000000092f80000, 0x00000000d5580000)
  object space 310784K, 55% used [0x0000000080000000,0x000000008a82ec00,0x0000000092f80000)
 Metaspace       used 128465K, capacity 136590K, committed 136704K, reserved 1167360K
  class space    used 17107K, capacity 18651K, committed 18688K, reserved 1048576K
}
Event: 624.702 GC heap before
{Heap before GC invocations=26 (full 4):
 PSYoungGen      total 479232K, used 438176K [0x00000000d5580000, 0x00000000f5800000, 0x0000000100000000)
  eden space 431616K, 100% used [0x00000000d5580000,0x00000000efb00000,0x00000000efb00000)
  from space 47616K, 13% used [0x00000000efb00000,0x00000000f0168010,0x00000000f2980000)
  to   space 40960K, 0% used [0x00000000f3000000,0x00000000f3000000,0x00000000f5800000)
 ParOldGen       total 310784K, used 172219K [0x0000000080000000, 0x0000000092f80000, 0x00000000d5580000)
  object space 310784K, 55% used [0x0000000080000000,0x000000008a82ec00,0x0000000092f80000)
 Metaspace       used 128483K, capacity 136594K, committed 136704K, reserved 1167360K
  class space    used 17107K, capacity 18651K, committed 18688K, reserved 1048576K
Event: 624.709 GC heap after
Heap after GC invocations=26 (full 4):
 PSYoungGen      total 472576K, used 5302K [0x00000000d5580000, 0x00000000f5800000, 0x0000000100000000)
  eden space 431616K, 0% used [0x00000000d5580000,0x00000000d5580000,0x00000000efb00000)
  from space 40960K, 12% used [0x00000000f3000000,0x00000000f352da08,0x00000000f5800000)
  to   space 47616K, 0% used [0x00000000efb00000,0x00000000efb00000,0x00000000f2980000)
 ParOldGen       total 310784K, used 177074K [0x0000000080000000, 0x0000000092f80000, 0x00000000d5580000)
  object space 310784K, 56% used [0x0000000080000000,0x000000008acecac8,0x0000000092f80000)
 Metaspace       used 128483K, capacity 136594K, committed 136704K, reserved 1167360K
  class space    used 17107K, capacity 18651K, committed 18688K, reserved 1048576K
}
Event: 625.259 GC heap before
{Heap before GC invocations=27 (full 4):
 PSYoungGen      total 472576K, used 436918K [0x00000000d5580000, 0x00000000f5800000, 0x0000000100000000)
  eden space 431616K, 100% used [0x00000000d5580000,0x00000000efb00000,0x00000000efb00000)
  from space 40960K, 12% used [0x00000000f3000000,0x00000000f352da08,0x00000000f5800000)
  to   space 47616K, 0% used [0x00000000efb00000,0x00000000efb00000,0x00000000f2980000)
 ParOldGen       total 310784K, used 177074K [0x0000000080000000, 0x0000000092f80000, 0x00000000d5580000)
  object space 310784K, 56% used [0x0000000080000000,0x000000008acecac8,0x0000000092f80000)
 Metaspace       used 128507K, capacity 136658K, committed 136704K, reserved 1167360K
  class space    used 17107K, capacity 18651K, committed 18688K, reserved 1048576K
Event: 625.266 GC heap after
Heap after GC invocations=27 (full 4):
 PSYoungGen      total 479232K, used 4956K [0x00000000d5580000, 0x00000000f5800000, 0x0000000100000000)
  eden space 431616K, 0% used [0x00000000d5580000,0x00000000d5580000,0x00000000efb00000)
  from space 47616K, 10% used [0x00000000efb00000,0x00000000effd72e0,0x00000000f2980000)
  to   space 40960K, 0% used [0x00000000f3000000,0x00000000f3000000,0x00000000f5800000)
 ParOldGen       total 310784K, used 180597K [0x0000000080000000, 0x0000000092f80000, 0x00000000d5580000)
  object space 310784K, 58% used [0x0000000080000000,0x000000008b05d500,0x0000000092f80000)
 Metaspace       used 128507K, capacity 136658K, committed 136704K, reserved 1167360K
  class space    used 17107K, capacity 18651K, committed 18688K, reserved 1048576K
}
Event: 625.581 GC heap before
{Heap before GC invocations=28 (full 4):
 PSYoungGen      total 479232K, used 436572K [0x00000000d5580000, 0x00000000f5800000, 0x0000000100000000)
  eden space 431616K, 100% used [0x00000000d5580000,0x00000000efb00000,0x00000000efb00000)
  from space 47616K, 10% used [0x00000000efb00000,0x00000000effd72e0,0x00000000f2980000)
  to   space 40960K, 0% used [0x00000000f3000000,0x00000000f3000000,0x00000000f5800000)
 ParOldGen       total 310784K, used 180597K [0x0000000080000000, 0x0000000092f80000, 0x00000000d5580000)
  object space 310784K, 58% used [0x0000000080000000,0x000000008b05d500,0x0000000092f80000)
 Metaspace       used 128572K, capacity 136674K, committed 136960K, reserved 1167360K
  class space    used 17109K, capacity 18653K, committed 18688K, reserved 1048576K
Event: 625.587 GC heap after
Heap after GC invocations=28 (full 4):
 PSYoungGen      total 472576K, used 7925K [0x00000000d5580000, 0x00000000f5800000, 0x0000000100000000)
  eden space 431616K, 0% used [0x00000000d5580000,0x00000000d5580000,0x00000000efb00000)
  from space 40960K, 19% used [0x00000000f3000000,0x00000000f37bd550,0x00000000f5800000)
  to   space 47616K, 0% used [0x00000000efb00000,0x00000000efb00000,0x00000000f2980000)
 ParOldGen       total 310784K, used 183857K [0x0000000080000000, 0x0000000092f80000, 0x00000000d5580000)
  object space 310784K, 59% used [0x0000000080000000,0x000000008b38c7b0,0x0000000092f80000)
 Metaspace       used 128572K, capacity 136674K, committed 136960K, reserved 1167360K
  class space    used 17109K, capacity 18653K, committed 18688K, reserved 1048576K
}
Event: 626.324 GC heap before
{Heap before GC invocations=29 (full 4):
 PSYoungGen      total 472576K, used 439141K [0x00000000d5580000, 0x00000000f5800000, 0x0000000100000000)
  eden space 431616K, 99% used [0x00000000d5580000,0x00000000efa9c058,0x00000000efb00000)
  from space 40960K, 19% used [0x00000000f3000000,0x00000000f37bd550,0x00000000f5800000)
  to   space 47616K, 0% used [0x00000000efb00000,0x00000000efb00000,0x00000000f2980000)
 ParOldGen       total 310784K, used 183857K [0x0000000080000000, 0x0000000092f80000, 0x00000000d5580000)
  object space 310784K, 59% used [0x0000000080000000,0x000000008b38c7b0,0x0000000092f80000)
 Metaspace       used 128739K, capacity 136934K, committed 137088K, reserved 1167360K
  class space    used 17134K, capacity 18691K, committed 18816K, reserved 1048576K
Event: 626.328 GC heap after
Heap after GC invocations=29 (full 4):
 PSYoungGen      total 479232K, used 736K [0x00000000d5580000, 0x00000000f5800000, 0x0000000100000000)
  eden space 431616K, 0% used [0x00000000d5580000,0x00000000d5580000,0x00000000efb00000)
  from space 47616K, 1% used [0x00000000efb00000,0x00000000efbb8000,0x00000000f2980000)
  to   space 40960K, 0% used [0x00000000f3000000,0x00000000f3000000,0x00000000f5800000)
 ParOldGen       total 310784K, used 185195K [0x0000000080000000, 0x0000000092f80000, 0x00000000d5580000)
  object space 310784K, 59% used [0x0000000080000000,0x000000008b4dad50,0x0000000092f80000)
 Metaspace       used 128739K, capacity 136934K, committed 137088K, reserved 1167360K
  class space    used 17134K, capacity 18691K, committed 18816K, reserved 1048576K
}

