# JRE version: OpenJDK Runtime Environment (8.0_242-b01) (build 1.8.0_242-release-1644-b01)
# Java VM: OpenJDK 64-Bit Server VM (25.242-b01 mixed mode windows-amd64 compressed oops)
Heap:
 PSYoungGen      total 219136K, used 93030K [0x00000000d5580000, 0x00000000e5e80000, 0x0000000100000000)
  eden space 201728K, 46% used [0x00000000d5580000,0x00000000db059a18,0x00000000e1a80000)
  from space 17408K, 0% used [0x00000000e2e80000,0x00000000e2e80000,0x00000000e3f80000)
  to   space 20480K, 0% used [0x00000000e1a80000,0x00000000e1a80000,0x00000000e2e80000)
 ParOldGen       total 217088K, used 35953K [0x0000000080000000, 0x000000008d400000, 0x00000000d5580000)
  object space 217088K, 16% used [0x0000000080000000,0x000000008231c508,0x000000008d400000)
 Metaspace       used 62645K, capacity 65384K, committed 65704K, reserved 1105920K
  class space    used 8725K, capacity 9290K, committed 9392K, reserved 1048576K
GC Heap History (10 events):
Event: 2.686 GC heap before
{Heap before GC invocations=9 (full 2):
 PSYoungGen      total 118784K, used 8013K [0x00000000d5580000, 0x00000000e1e80000, 0x0000000100000000)
  eden space 106496K, 0% used [0x00000000d5580000,0x00000000d5580000,0x00000000dbd80000)
  from space 12288K, 65% used [0x00000000dbd80000,0x00000000dc553540,0x00000000dc980000)
  to   space 11776K, 0% used [0x00000000e1300000,0x00000000e1300000,0x00000000e1e80000)
 ParOldGen       total 93184K, used 7178K [0x0000000080000000, 0x0000000085b00000, 0x00000000d5580000)
  object space 93184K, 7% used [0x0000000080000000,0x0000000080702a38,0x0000000085b00000)
 Metaspace       used 34285K, capacity 35398K, committed 35496K, reserved 1079296K
  class space    used 4719K, capacity 5002K, committed 5040K, reserved 1048576K
Event: 2.719 GC heap after
Heap after GC invocations=9 (full 2):
 PSYoungGen      total 118784K, used 0K [0x00000000d5580000, 0x00000000e1e80000, 0x0000000100000000)
  eden space 106496K, 0% used [0x00000000d5580000,0x00000000d5580000,0x00000000dbd80000)
  from space 12288K, 0% used [0x00000000dbd80000,0x00000000dbd80000,0x00000000dc980000)
  to   space 11776K, 0% used [0x00000000e1300000,0x00000000e1300000,0x00000000e1e80000)
 ParOldGen       total 139264K, used 14384K [0x0000000080000000, 0x0000000088800000, 0x00000000d5580000)
  object space 139264K, 10% used [0x0000000080000000,0x0000000080e0c018,0x0000000088800000)
 Metaspace       used 34285K, capacity 35398K, committed 35496K, reserved 1079296K
  class space    used 4719K, capacity 5002K, committed 5040K, reserved 1048576K
}
Event: 3.198 GC heap before
{Heap before GC invocations=10 (full 2):
 PSYoungGen      total 118784K, used 106496K [0x00000000d5580000, 0x00000000e1e80000, 0x0000000100000000)
  eden space 106496K, 100% used [0x00000000d5580000,0x00000000dbd80000,0x00000000dbd80000)
  from space 12288K, 0% used [0x00000000dbd80000,0x00000000dbd80000,0x00000000dc980000)
  to   space 11776K, 0% used [0x00000000e1300000,0x00000000e1300000,0x00000000e1e80000)
 ParOldGen       total 139264K, used 14384K [0x0000000080000000, 0x0000000088800000, 0x00000000d5580000)
  object space 139264K, 10% used [0x0000000080000000,0x0000000080e0c018,0x0000000088800000)
 Metaspace       used 37836K, capacity 39554K, committed 39720K, reserved 1083392K
  class space    used 5238K, capacity 5597K, committed 5680K, reserved 1048576K
Event: 3.202 GC heap after
Heap after GC invocations=10 (full 2):
 PSYoungGen      total 168448K, used 8252K [0x00000000d5580000, 0x00000000e1b80000, 0x0000000100000000)
  eden space 159744K, 0% used [0x00000000d5580000,0x00000000d5580000,0x00000000df180000)
  from space 8704K, 94% used [0x00000000e1300000,0x00000000e1b0f000,0x00000000e1b80000)
  to   space 11264K, 0% used [0x00000000e0580000,0x00000000e0580000,0x00000000e1080000)
 ParOldGen       total 139264K, used 14392K [0x0000000080000000, 0x0000000088800000, 0x00000000d5580000)
  object space 139264K, 10% used [0x0000000080000000,0x0000000080e0e018,0x0000000088800000)
 Metaspace       used 37836K, capacity 39554K, committed 39720K, reserved 1083392K
  class space    used 5238K, capacity 5597K, committed 5680K, reserved 1048576K
}
Event: 4.185 GC heap before
{Heap before GC invocations=11 (full 2):
 PSYoungGen      total 168448K, used 167996K [0x00000000d5580000, 0x00000000e1b80000, 0x0000000100000000)
  eden space 159744K, 100% used [0x00000000d5580000,0x00000000df180000,0x00000000df180000)
  from space 8704K, 94% used [0x00000000e1300000,0x00000000e1b0f000,0x00000000e1b80000)
  to   space 11264K, 0% used [0x00000000e0580000,0x00000000e0580000,0x00000000e1080000)
 ParOldGen       total 139264K, used 14392K [0x0000000080000000, 0x0000000088800000, 0x00000000d5580000)
  object space 139264K, 10% used [0x0000000080000000,0x0000000080e0e018,0x0000000088800000)
 Metaspace       used 51614K, capacity 53692K, committed 53928K, reserved 1095680K
  class space    used 6909K, capacity 7310K, committed 7344K, reserved 1048576K
Event: 4.195 GC heap after
Heap after GC invocations=11 (full 2):
 PSYoungGen      total 191488K, used 11232K [0x00000000d5580000, 0x00000000e3f80000, 0x0000000100000000)
  eden space 180224K, 0% used [0x00000000d5580000,0x00000000d5580000,0x00000000e0580000)
  from space 11264K, 99% used [0x00000000e0580000,0x00000000e1078050,0x00000000e1080000)
  to   space 17408K, 0% used [0x00000000e2e80000,0x00000000e2e80000,0x00000000e3f80000)
 ParOldGen       total 139264K, used 27332K [0x0000000080000000, 0x0000000088800000, 0x00000000d5580000)
  object space 139264K, 19% used [0x0000000080000000,0x0000000081ab1380,0x0000000088800000)
 Metaspace       used 51614K, capacity 53692K, committed 53928K, reserved 1095680K
  class space    used 6909K, capacity 7310K, committed 7344K, reserved 1048576K
}
Event: 4.675 GC heap before
{Heap before GC invocations=12 (full 2):
 PSYoungGen      total 191488K, used 97060K [0x00000000d5580000, 0x00000000e3f80000, 0x0000000100000000)
  eden space 180224K, 47% used [0x00000000d5580000,0x00000000da951020,0x00000000e0580000)
  from space 11264K, 99% used [0x00000000e0580000,0x00000000e1078050,0x00000000e1080000)
  to   space 17408K, 0% used [0x00000000e2e80000,0x00000000e2e80000,0x00000000e3f80000)
 ParOldGen       total 139264K, used 27332K [0x0000000080000000, 0x0000000088800000, 0x00000000d5580000)
  object space 139264K, 19% used [0x0000000080000000,0x0000000081ab1380,0x0000000088800000)
 Metaspace       used 56587K, capacity 59044K, committed 59160K, reserved 1099776K
  class space    used 7748K, capacity 8254K, committed 8368K, reserved 1048576K
Event: 4.684 GC heap after
Heap after GC invocations=12 (full 2):
 PSYoungGen      total 219136K, used 17386K [0x00000000d5580000, 0x00000000e5e80000, 0x0000000100000000)
  eden space 201728K, 0% used [0x00000000d5580000,0x00000000d5580000,0x00000000e1a80000)
  from space 17408K, 99% used [0x00000000e2e80000,0x00000000e3f7aa80,0x00000000e3f80000)
  to   space 20480K, 0% used [0x00000000e1a80000,0x00000000e1a80000,0x00000000e2e80000)
 ParOldGen       total 139264K, used 30040K [0x0000000080000000, 0x0000000088800000, 0x00000000d5580000)
  object space 139264K, 21% used [0x0000000080000000,0x0000000081d56068,0x0000000088800000)
 Metaspace       used 56587K, capacity 59044K, committed 59160K, reserved 1099776K
  class space    used 7748K, capacity 8254K, committed 8368K, reserved 1048576K
}
Event: 4.684 GC heap before
{Heap before GC invocations=13 (full 3):
 PSYoungGen      total 219136K, used 17386K [0x00000000d5580000, 0x00000000e5e80000, 0x0000000100000000)
  eden space 201728K, 0% used [0x00000000d5580000,0x00000000d5580000,0x00000000e1a80000)
  from space 17408K, 99% used [0x00000000e2e80000,0x00000000e3f7aa80,0x00000000e3f80000)
  to   space 20480K, 0% used [0x00000000e1a80000,0x00000000e1a80000,0x00000000e2e80000)
 ParOldGen       total 139264K, used 30040K [0x0000000080000000, 0x0000000088800000, 0x00000000d5580000)
  object space 139264K, 21% used [0x0000000080000000,0x0000000081d56068,0x0000000088800000)
 Metaspace       used 56587K, capacity 59044K, committed 59160K, reserved 1099776K
  class space    used 7748K, capacity 8254K, committed 8368K, reserved 1048576K
Event: 4.842 GC heap after
Heap after GC invocations=13 (full 3):
 PSYoungGen      total 219136K, used 0K [0x00000000d5580000, 0x00000000e5e80000, 0x0000000100000000)
  eden space 201728K, 0% used [0x00000000d5580000,0x00000000d5580000,0x00000000e1a80000)
  from space 17408K, 0% used [0x00000000e2e80000,0x00000000e2e80000,0x00000000e3f80000)
  to   space 20480K, 0% used [0x00000000e1a80000,0x00000000e1a80000,0x00000000e2e80000)
 ParOldGen       total 217088K, used 35953K [0x0000000080000000, 0x000000008d400000, 0x00000000d5580000)
  object space 217088K, 16% used [0x0000000080000000,0x000000008231c508,0x000000008d400000)
 Metaspace       used 56532K, capacity 58858K, committed 59160K, reserved 1099776K
  class space    used 7731K, capacity 8223K, committed 8368K, reserved 1048576K
}

